<?xml version="1.0" encoding="UTF-8"?>
<testsuite name="SimplyTest" tests="1" skipped="0" failures="0" errors="0" timestamp="2021-03-18T18:14:48" hostname="DESKTOP-KOUQ0G9" time="0.001">
  <properties/>
  <testcase name="maxTest" classname="SimplyTest" time="0.001"/>
  <system-out><![CDATA[]]></system-out>
  <system-err><![CDATA[]]></system-err>
</testsuite>
